[1.701s] Invoking command in '/home/npd/modbus_ws/src/modbus_interface': PYTHONPATH=/home/npd/modbus_ws/build/modbus_interface/prefix_override:/usr/lib/python3/dist-packages/colcon_core/task/python/colcon_distutils_commands:/home/npd/modbus_ws/install/modbus_interface/lib/python3.10/site-packages:${PYTHONPATH} /usr/bin/python3 -W ignore:setup.py install is deprecated -W ignore:easy_install command is deprecated setup.py egg_info --egg-base ../../build/modbus_interface build --build-base /home/npd/modbus_ws/build/modbus_interface/build install --record /home/npd/modbus_ws/build/modbus_interface/install.log --single-version-externally-managed install_data
[2.204s] running egg_info
[2.206s] creating ../../build/modbus_interface/modbus_interface.egg-info
[2.207s] writing ../../build/modbus_interface/modbus_interface.egg-info/PKG-INFO
[2.207s] writing dependency_links to ../../build/modbus_interface/modbus_interface.egg-info/dependency_links.txt
[2.208s] writing entry points to ../../build/modbus_interface/modbus_interface.egg-info/entry_points.txt
[2.209s] writing requirements to ../../build/modbus_interface/modbus_interface.egg-info/requires.txt
[2.209s] writing top-level names to ../../build/modbus_interface/modbus_interface.egg-info/top_level.txt
[2.209s] writing manifest file '../../build/modbus_interface/modbus_interface.egg-info/SOURCES.txt'
[2.215s] reading manifest file '../../build/modbus_interface/modbus_interface.egg-info/SOURCES.txt'
[2.216s] writing manifest file '../../build/modbus_interface/modbus_interface.egg-info/SOURCES.txt'
[2.216s] running build
[2.219s] running build_py
[2.219s] creating /home/npd/modbus_ws/build/modbus_interface/build
[2.219s] creating /home/npd/modbus_ws/build/modbus_interface/build/lib
[2.219s] creating /home/npd/modbus_ws/build/modbus_interface/build/lib/modbus_interface
[2.220s] copying modbus_interface/ modbus_node.py -> /home/npd/modbus_ws/build/modbus_interface/build/lib/modbus_interface
[2.220s] copying modbus_interface/__init__.py -> /home/npd/modbus_ws/build/modbus_interface/build/lib/modbus_interface
[2.220s] running install
[2.221s] running install_lib
[2.223s] creating /home/npd/modbus_ws/install/modbus_interface/lib/python3.10/site-packages/modbus_interface
[2.223s] copying /home/npd/modbus_ws/build/modbus_interface/build/lib/modbus_interface/ modbus_node.py -> /home/npd/modbus_ws/install/modbus_interface/lib/python3.10/site-packages/modbus_interface
[2.225s] copying /home/npd/modbus_ws/build/modbus_interface/build/lib/modbus_interface/__init__.py -> /home/npd/modbus_ws/install/modbus_interface/lib/python3.10/site-packages/modbus_interface
[2.226s] byte-compiling /home/npd/modbus_ws/install/modbus_interface/lib/python3.10/site-packages/modbus_interface/ modbus_node.py to  modbus_node.cpython-310.pyc
[2.226s] byte-compiling /home/npd/modbus_ws/install/modbus_interface/lib/python3.10/site-packages/modbus_interface/__init__.py to __init__.cpython-310.pyc
[2.229s] running install_data
[2.229s] creating /home/npd/modbus_ws/install/modbus_interface/share/ament_index
[2.230s] creating /home/npd/modbus_ws/install/modbus_interface/share/ament_index/resource_index
[2.230s] creating /home/npd/modbus_ws/install/modbus_interface/share/ament_index/resource_index/packages
[2.230s] copying resource/modbus_interface -> /home/npd/modbus_ws/install/modbus_interface/share/ament_index/resource_index/packages
[2.230s] copying package.xml -> /home/npd/modbus_ws/install/modbus_interface/share/modbus_interface
[2.230s] running install_egg_info
[2.232s] Copying ../../build/modbus_interface/modbus_interface.egg-info to /home/npd/modbus_ws/install/modbus_interface/lib/python3.10/site-packages/modbus_interface-0.0.0-py3.10.egg-info
[2.234s] running install_scripts
[2.297s] Installing modbus_node script to /home/npd/modbus_ws/install/modbus_interface/lib/modbus_interface
[2.298s] writing list of installed files to '/home/npd/modbus_ws/build/modbus_interface/install.log'
[2.353s] Invoked command in '/home/npd/modbus_ws/src/modbus_interface' returned '0': PYTHONPATH=/home/npd/modbus_ws/build/modbus_interface/prefix_override:/usr/lib/python3/dist-packages/colcon_core/task/python/colcon_distutils_commands:/home/npd/modbus_ws/install/modbus_interface/lib/python3.10/site-packages:${PYTHONPATH} /usr/bin/python3 -W ignore:setup.py install is deprecated -W ignore:easy_install command is deprecated setup.py egg_info --egg-base ../../build/modbus_interface build --build-base /home/npd/modbus_ws/build/modbus_interface/build install --record /home/npd/modbus_ws/build/modbus_interface/install.log --single-version-externally-managed install_data
