[1.390s] Invoking command in '/home/npd/modbus_ws/src/modbus_interface': PYTHONPATH=/home/npd/modbus_ws/build/modbus_interface/prefix_override:/usr/lib/python3/dist-packages/colcon_core/task/python/colcon_distutils_commands:/home/npd/modbus_ws/install/modbus_interface/lib/python3.10/site-packages:${PYTHONPATH} /usr/bin/python3 -W ignore:setup.py install is deprecated -W ignore:easy_install command is deprecated setup.py egg_info --egg-base ../../build/modbus_interface build --build-base /home/npd/modbus_ws/build/modbus_interface/build install --record /home/npd/modbus_ws/build/modbus_interface/install.log --single-version-externally-managed install_data
[1.859s] running egg_info
[1.860s] writing ../../build/modbus_interface/modbus_interface.egg-info/PKG-INFO
[1.861s] writing dependency_links to ../../build/modbus_interface/modbus_interface.egg-info/dependency_links.txt
[1.861s] writing entry points to ../../build/modbus_interface/modbus_interface.egg-info/entry_points.txt
[1.861s] writing requirements to ../../build/modbus_interface/modbus_interface.egg-info/requires.txt
[1.862s] writing top-level names to ../../build/modbus_interface/modbus_interface.egg-info/top_level.txt
[1.866s] reading manifest file '../../build/modbus_interface/modbus_interface.egg-info/SOURCES.txt'
[1.869s] writing manifest file '../../build/modbus_interface/modbus_interface.egg-info/SOURCES.txt'
[1.869s] running build
[1.869s] running build_py
[1.870s] running install
[1.870s] running install_lib
[1.875s] running install_data
[1.875s] running install_egg_info
[1.878s] removing '/home/npd/modbus_ws/install/modbus_interface/lib/python3.10/site-packages/modbus_interface-0.0.0-py3.10.egg-info' (and everything under it)
[1.879s] Copying ../../build/modbus_interface/modbus_interface.egg-info to /home/npd/modbus_ws/install/modbus_interface/lib/python3.10/site-packages/modbus_interface-0.0.0-py3.10.egg-info
[1.881s] running install_scripts
[1.918s] Installing modbus_node script to /home/npd/modbus_ws/install/modbus_interface/lib/modbus_interface
[1.918s] writing list of installed files to '/home/npd/modbus_ws/build/modbus_interface/install.log'
[1.958s] Invoked command in '/home/npd/modbus_ws/src/modbus_interface' returned '0': PYTHONPATH=/home/npd/modbus_ws/build/modbus_interface/prefix_override:/usr/lib/python3/dist-packages/colcon_core/task/python/colcon_distutils_commands:/home/npd/modbus_ws/install/modbus_interface/lib/python3.10/site-packages:${PYTHONPATH} /usr/bin/python3 -W ignore:setup.py install is deprecated -W ignore:easy_install command is deprecated setup.py egg_info --egg-base ../../build/modbus_interface build --build-base /home/npd/modbus_ws/build/modbus_interface/build install --record /home/npd/modbus_ws/build/modbus_interface/install.log --single-version-externally-managed install_data
