[1.422s] Invoking command in '/home/npd/modbus_ws/src/modbus_interface': PYTHONPATH=/home/npd/modbus_ws/build/modbus_interface/prefix_override:/usr/lib/python3/dist-packages/colcon_core/task/python/colcon_distutils_commands:/home/npd/modbus_ws/install/modbus_interface/lib/python3.10/site-packages:${PYTHONPATH} /usr/bin/python3 -W ignore:setup.py install is deprecated -W ignore:easy_install command is deprecated setup.py egg_info --egg-base ../../build/modbus_interface build --build-base /home/npd/modbus_ws/build/modbus_interface/build install --record /home/npd/modbus_ws/build/modbus_interface/install.log --single-version-externally-managed install_data
[1.900s] running egg_info
[1.901s] writing ../../build/modbus_interface/modbus_interface.egg-info/PKG-INFO
[1.902s] writing dependency_links to ../../build/modbus_interface/modbus_interface.egg-info/dependency_links.txt
[1.903s] writing entry points to ../../build/modbus_interface/modbus_interface.egg-info/entry_points.txt
[1.903s] writing requirements to ../../build/modbus_interface/modbus_interface.egg-info/requires.txt
[1.903s] writing top-level names to ../../build/modbus_interface/modbus_interface.egg-info/top_level.txt
[1.906s] reading manifest file '../../build/modbus_interface/modbus_interface.egg-info/SOURCES.txt'
[1.908s] writing manifest file '../../build/modbus_interface/modbus_interface.egg-info/SOURCES.txt'
[1.909s] running build
[1.909s] running build_py
[1.909s] copying modbus_interface/modbus_node.py -> /home/npd/modbus_ws/build/modbus_interface/build/lib/modbus_interface
[1.910s] running install
[1.910s] running install_lib
[1.912s] copying /home/npd/modbus_ws/build/modbus_interface/build/lib/modbus_interface/modbus_node.py -> /home/npd/modbus_ws/install/modbus_interface/lib/python3.10/site-packages/modbus_interface
[1.913s] byte-compiling /home/npd/modbus_ws/install/modbus_interface/lib/python3.10/site-packages/modbus_interface/modbus_node.py to modbus_node.cpython-310.pyc
[1.914s] running install_data
[1.916s] running install_egg_info
[1.919s] removing '/home/npd/modbus_ws/install/modbus_interface/lib/python3.10/site-packages/modbus_interface-0.0.0-py3.10.egg-info' (and everything under it)
[1.921s] Copying ../../build/modbus_interface/modbus_interface.egg-info to /home/npd/modbus_ws/install/modbus_interface/lib/python3.10/site-packages/modbus_interface-0.0.0-py3.10.egg-info
[1.921s] running install_scripts
[1.960s] Installing modbus_node script to /home/npd/modbus_ws/install/modbus_interface/lib/modbus_interface
[1.960s] writing list of installed files to '/home/npd/modbus_ws/build/modbus_interface/install.log'
[1.998s] Invoked command in '/home/npd/modbus_ws/src/modbus_interface' returned '0': PYTHONPATH=/home/npd/modbus_ws/build/modbus_interface/prefix_override:/usr/lib/python3/dist-packages/colcon_core/task/python/colcon_distutils_commands:/home/npd/modbus_ws/install/modbus_interface/lib/python3.10/site-packages:${PYTHONPATH} /usr/bin/python3 -W ignore:setup.py install is deprecated -W ignore:easy_install command is deprecated setup.py egg_info --egg-base ../../build/modbus_interface build --build-base /home/npd/modbus_ws/build/modbus_interface/build install --record /home/npd/modbus_ws/build/modbus_interface/install.log --single-version-externally-managed install_data
