running egg_info
writing ../../build/modbus_interface/modbus_interface.egg-info/PKG-INFO
writing dependency_links to ../../build/modbus_interface/modbus_interface.egg-info/dependency_links.txt
writing entry points to ../../build/modbus_interface/modbus_interface.egg-info/entry_points.txt
writing requirements to ../../build/modbus_interface/modbus_interface.egg-info/requires.txt
writing top-level names to ../../build/modbus_interface/modbus_interface.egg-info/top_level.txt
reading manifest file '../../build/modbus_interface/modbus_interface.egg-info/SOURCES.txt'
writing manifest file '../../build/modbus_interface/modbus_interface.egg-info/SOURCES.txt'
running build
running build_py
copying modbus_interface/modbus_node.py -> /home/npd/modbus_ws/build/modbus_interface/build/lib/modbus_interface
running install
running install_lib
copying /home/npd/modbus_ws/build/modbus_interface/build/lib/modbus_interface/modbus_node.py -> /home/npd/modbus_ws/install/modbus_interface/lib/python3.10/site-packages/modbus_interface
byte-compiling /home/npd/modbus_ws/install/modbus_interface/lib/python3.10/site-packages/modbus_interface/modbus_node.py to modbus_node.cpython-310.pyc
running install_data
running install_egg_info
removing '/home/npd/modbus_ws/install/modbus_interface/lib/python3.10/site-packages/modbus_interface-0.0.0-py3.10.egg-info' (and everything under it)
Copying ../../build/modbus_interface/modbus_interface.egg-info to /home/npd/modbus_ws/install/modbus_interface/lib/python3.10/site-packages/modbus_interface-0.0.0-py3.10.egg-info
running install_scripts
Installing modbus_node script to /home/npd/modbus_ws/install/modbus_interface/lib/modbus_interface
writing list of installed files to '/home/npd/modbus_ws/build/modbus_interface/install.log'
